nativecore/src/main/cpp/opencv/build_android/opencv_android/image-manipulations/build/intermediates/manifest_merge_blame_file/release/processReleaseMainManifest/manifest-merger-blame-release-report.txt
1<?xml version="1.0" encoding="utf-8"?>
2<manifest xmlns:android="http://schemas.android.com/apk/res/android"
3    package="org.opencv.samples.imagemanipulations"
4    android:versionCode="301"
5    android:versionName="3.01" >
6
7    <uses-sdk
8        android:minSdkVersion="26"
9        android:targetSdkVersion="34" />
10
11    <supports-screens
11-->image-manipulations/gradle/AndroidManifest.xml:23:5-27:51
12        android:anyDensity="true"
12-->image-manipulations/gradle/AndroidManifest.xml:27:23-48
13        android:largeScreens="true"
13-->image-manipulations/gradle/AndroidManifest.xml:26:23-50
14        android:normalScreens="true"
14-->image-manipulations/gradle/AndroidManifest.xml:25:23-51
15        android:resizeable="true"
15-->image-manipulations/gradle/AndroidManifest.xml:23:23-48
16        android:smallScreens="true" />
16-->image-manipulations/gradle/AndroidManifest.xml:24:23-50
17
18    <uses-permission android:name="android.permission.CAMERA" />
18-->image-manipulations/gradle/AndroidManifest.xml:29:5-64
18-->image-manipulations/gradle/AndroidManifest.xml:29:22-62
19
20    <uses-feature
20-->image-manipulations/gradle/AndroidManifest.xml:31:5-84
21        android:name="android.hardware.camera"
21-->image-manipulations/gradle/AndroidManifest.xml:31:19-57
22        android:required="false" />
22-->image-manipulations/gradle/AndroidManifest.xml:31:58-82
23    <uses-feature
23-->image-manipulations/gradle/AndroidManifest.xml:32:5-94
24        android:name="android.hardware.camera.autofocus"
24-->image-manipulations/gradle/AndroidManifest.xml:32:19-67
25        android:required="false" />
25-->image-manipulations/gradle/AndroidManifest.xml:32:68-92
26    <uses-feature
26-->image-manipulations/gradle/AndroidManifest.xml:33:5-90
27        android:name="android.hardware.camera.front"
27-->image-manipulations/gradle/AndroidManifest.xml:33:19-63
28        android:required="false" />
28-->image-manipulations/gradle/AndroidManifest.xml:33:64-88
29    <uses-feature
29-->image-manipulations/gradle/AndroidManifest.xml:34:5-100
30        android:name="android.hardware.camera.front.autofocus"
30-->image-manipulations/gradle/AndroidManifest.xml:34:19-73
31        android:required="false" />
31-->image-manipulations/gradle/AndroidManifest.xml:34:74-98
32
33    <application
33-->image-manipulations/gradle/AndroidManifest.xml:6:5-21:19
34        android:extractNativeLibs="false"
35        android:icon="@drawable/icon"
35-->image-manipulations/gradle/AndroidManifest.xml:8:9-38
36        android:label="@string/app_name" >
36-->image-manipulations/gradle/AndroidManifest.xml:7:9-41
37        <activity
37-->image-manipulations/gradle/AndroidManifest.xml:10:9-20:20
38            android:name="org.opencv.samples.imagemanipulations.ImageManipulationsActivity"
38-->image-manipulations/gradle/AndroidManifest.xml:12:19-60
39            android:configChanges="keyboardHidden|orientation"
39-->image-manipulations/gradle/AndroidManifest.xml:15:19-69
40            android:exported="true"
40-->image-manipulations/gradle/AndroidManifest.xml:11:19-42
41            android:label="@string/app_name"
41-->image-manipulations/gradle/AndroidManifest.xml:13:19-51
42            android:screenOrientation="landscape" >
42-->image-manipulations/gradle/AndroidManifest.xml:14:19-56
43            <intent-filter>
43-->image-manipulations/gradle/AndroidManifest.xml:16:13-19:29
44                <action android:name="android.intent.action.MAIN" />
44-->image-manipulations/gradle/AndroidManifest.xml:17:17-69
44-->image-manipulations/gradle/AndroidManifest.xml:17:25-66
45
46                <category android:name="android.intent.category.LAUNCHER" />
46-->image-manipulations/gradle/AndroidManifest.xml:18:17-77
46-->image-manipulations/gradle/AndroidManifest.xml:18:27-74
47            </intent-filter>
48        </activity>
49    </application>
50
51</manifest>